<?xml version="1.0" encoding="UTF-8"?>
<!-- Generated by org.testng.reporters.JUnitXMLReporter -->
<testsuite ignored="0" hostname="LAPTOP-8GM7S38Q" failures="0" tests="4" name="Default test" time="8.805" errors="0" timestamp="2024-04-12T09:53:28 IST">
  <testcase classname="api.tests.UserTests" name="testCreateUser" time="2.823"/>
  <testcase classname="api.tests.UserTests" name="testRetrieveUser" time="1.136"/>
  <testcase classname="api.tests.UserTests" name="testUpdateUser" time="2.29"/>
  <testcase classname="api.tests.UserTests" name="testDeleteUser" time="2.305"/>
</testsuite> <!-- Default test -->
