<?xml version="1.0" encoding="UTF-8"?>
<!-- Generated by org.testng.reporters.JUnitXMLReporter -->
<testsuite ignored="0" hostname="LAPTOP-8GM7S38Q" failures="0" tests="4" name="Test" time="8.792" errors="0" timestamp="2024-04-12T09:59:25 IST">
  <testcase classname="api.tests.UserTests" name="testCreateUser" time="2.509"/>
  <testcase classname="api.tests.UserTests" name="testRetrieveUser" time="1.221"/>
  <testcase classname="api.tests.UserTests" name="testUpdateUser" time="2.347"/>
  <testcase classname="api.tests.UserTests" name="testDeleteUser" time="2.506"/>
</testsuite> <!-- Test -->
