<?xml version="1.0" encoding="UTF-8"?>
<testng-results ignored="0" total="4" passed="4" failed="0" skipped="0">
  <reporter-output>
  </reporter-output>
  <suite started-at="2024-04-12T10:06:17 IST" name="Suite" finished-at="2024-04-12T10:06:26 IST" duration-ms="8480">
    <groups>
    </groups>
    <test started-at="2024-04-12T10:06:17 IST" name="Test" finished-at="2024-04-12T10:06:26 IST" duration-ms="8480">
      <class name="api.tests.UserTests">
        <test-method is-config="true" signature="prepareData()[pri:0, instance:api.tests.UserTests@795cd85e]" started-at="2024-04-12T10:06:17 IST" name="prepareData" finished-at="2024-04-12T10:06:18 IST" duration-ms="145" status="PASS">
          <reporter-output>
          </reporter-output>
        </test-method> <!-- prepareData -->
        <test-method signature="testCreateUser()[pri:0, instance:api.tests.UserTests@795cd85e]" started-at="2024-04-12T10:06:18 IST" name="testCreateUser" finished-at="2024-04-12T10:06:20 IST" duration-ms="2536" status="PASS">
          <reporter-output>
          </reporter-output>
        </test-method> <!-- testCreateUser -->
        <test-method signature="testRetrieveUser()[pri:1, instance:api.tests.UserTests@795cd85e]" started-at="2024-04-12T10:06:20 IST" name="testRetrieveUser" finished-at="2024-04-12T10:06:21 IST" duration-ms="1206" status="PASS">
          <reporter-output>
          </reporter-output>
        </test-method> <!-- testRetrieveUser -->
        <test-method signature="testUpdateUser()[pri:2, instance:api.tests.UserTests@795cd85e]" started-at="2024-04-12T10:06:21 IST" name="testUpdateUser" finished-at="2024-04-12T10:06:24 IST" duration-ms="2303" status="PASS">
          <reporter-output>
          </reporter-output>
        </test-method> <!-- testUpdateUser -->
        <test-method signature="testDeleteUser()[pri:3, instance:api.tests.UserTests@795cd85e]" started-at="2024-04-12T10:06:24 IST" name="testDeleteUser" finished-at="2024-04-12T10:06:26 IST" duration-ms="2259" status="PASS">
          <reporter-output>
          </reporter-output>
        </test-method> <!-- testDeleteUser -->
      </class> <!-- api.tests.UserTests -->
    </test> <!-- Test -->
  </suite> <!-- Suite -->
</testng-results>
